#
# A fatal error has been detected by the Java Runtime Environment:
#
#  SIGSEGV (0xb) at pc=0x0000000101e81965, pid=5028, tid=0x0000000000001d07
#
# JRE version: OpenJDK Runtime Environment (8.0_242) (build 1.8.0_242-release-1644-b3-6915495)
# Java VM: OpenJDK 64-Bit Server VM (25.242-b3-6915495 mixed mode bsd-amd64 compressed oops)
# Problematic frame:
# V  [libjvm.dylib+0x481965]  void PSParallelCompact::mark_and_push<unsigned int>(ParCompactionManager*, unsigned int*)+0x4d
#
# Failed to write core dump. Core dumps have been disabled. To enable core dumping, try "ulimit -c unlimited" before starting Java again
#
# If you would like to submit a bug report, please visit:
#   http://bugreport.java.com/bugreport/crash.jsp
#

---------------  T H R E A D  ---------------

Current thread (0x00007ffd5800d000):  GCTaskThread [stack: 0x000070000bfcd000,0x000070000c0cd000] [id=7431]

siginfo: si_signo: 11 (SIGSEGV), si_code: 0 (unknown), si_addr: 0x0000000000000000

Registers:
RAX=0x0000000112079000, RBX=0x0000000000200000, RCX=0x007ffffffc601000, RDX=0x1fffffff18040000
RSP=0x000070000c0cccf0, RBP=0x000070000c0ccd10, RSI=0x0000000750664e4c, RDI=0x00007ffd575156e0
R8 =0x0000000000000000, R9 =0x0000000102221f01, R10=0x00001de00000261c, R11=0x0040000000000000
R12=0x000000075066525c, R13=0x00007ffd575156e0, R14=0x00000001022112d8, R15=0x00007ffd575156e8
RIP=0x0000000101e81965, EFLAGS=0x0000000000010206, ERR=0x0000000000000000
  TRAPNO=0x000000000000000d

Top of Stack: (sp=0x000070000c0cccf0)
0x000070000c0cccf0:   0000000000000800 0000000750664e4c
0x000070000c0ccd00:   00000001022112d8 00007ffd575156e8
0x000070000c0ccd10:   000070000c0ccdc0 0000000101e8fa5a
0x000070000c0ccd20:   000000074007e3b0 00000000000009eb
0x000070000c0ccd30:   0000000750662aa0 00007ffd57515768
0x000070000c0ccd40:   0000000750662aa0 0000000100000800
0x000070000c0ccd50:   0000000750662aa0 00007ffd57515720
0x000070000c0ccd60:   00007ffd575157a0 000000074007e3b0
0x000070000c0ccd70:   00007000163b2b70 00000000000009eb
0x000070000c0ccd80:   00001ddf0000261c 000070000c0cce18
0x000070000c0ccd90:   00007ffd00000800 00007ffd575156e0
0x000070000c0ccda0:   00007ffd574100d0 0000000101fcd8cd
0x000070000c0ccdb0:   00007ffd574100d0 0000000000000001
0x000070000c0ccdc0:   000070000c0cce80 0000000101e80bfc
0x000070000c0ccdd0:   00007ffd5750f718 00007ffd5750f980
0x000070000c0ccde0:   00007ffd5750f9b0 00007ffd5750f9c0
0x000070000c0ccdf0:   00007ffd5750fd98 00000000000003d8
0x000070000c0cce00:   00000001021f8378 0000000101fabf00
0x000070000c0cce10:   00007ffd575156e0 00000001021f10c8
0x000070000c0cce20:   000070000c0cce00 000070000c0cce00
0x000070000c0cce30:   00000001021f10b0 00007ffd5750f600
0x000070000c0cce40:   000070000c0cce00 0000000000000001
0x000070000c0cce50:   00000001021f1128 0000000101c59100
0x000070000c0cce60:   000070000c0cce00 00007ffd5750f700
0x000070000c0cce70:   00007ffd5800d000 0000000000000000
0x000070000c0cce80:   000070000c0ccf60 0000000101c5a011
0x000070000c0cce90:   0000000102222100 00007ffd5800d000
0x000070000c0ccea0:   00007ffd5750fda0 00007ffd5750fde0
0x000070000c0cceb0:   00007ffd5750fdf0 00007ffd5750fec8
0x000070000c0ccec0:   00000000000000d8 00007ffd5750ffe0
0x000070000c0cced0:   00007ffd5800d000 00007ffd5750fda0
0x000070000c0ccee0:   00007ffd5750fde0 00007ffd5750fdf0 

Instructions: (pc=0x0000000101e81965)
0x0000000101e81945:   89 da 48 2b 10 48 c1 ea 03 48 8d 0d c3 f3 37 00
0x0000000101e81955:   8a 09 48 d3 ea 48 8b 40 30 48 89 d1 48 c1 e9 06
0x0000000101e81965:   48 8b 04 c8 48 0f a3 d0 0f 82 08 01 00 00 49 89
0x0000000101e81975:   fe 48 8d 05 7c 06 3a 00 8a 10 84 d2 74 15 8b 7b 

Register to memory mapping:

RAX=0x0000000112079000 is an unknown value
RBX=0x0000000000200000 is an unknown value
RCX=0x007ffffffc601000 is an unknown value
RDX=0x1fffffff18040000 is an unknown value
RSP=0x000070000c0cccf0 is an unknown value
RBP=0x000070000c0ccd10 is an unknown value
RSI=0x0000000750664e4c is pointing into object: 0x0000000750662aa0
[Ljava.lang.Object; 
 - klass: 'java/lang/Object'[]
 - length: 2539
RDI=0x00007ffd575156e0 is an unknown value
R8 =0x0000000000000000 is an unknown value
R9 =0x0000000102221f01: G1RSetRegionEntries+0x1 in /Applications/Android Studio.app/Contents/jre/jdk/Contents/Home/jre/lib/server/libjvm.dylib at 0x0000000101a00000
R10=0x00001de00000261c is an unknown value
R11=0x0040000000000000 is an unknown value
R12=0x000000075066525c is pointing into object: 0x0000000750662aa0
[Ljava.lang.Object; 
 - klass: 'java/lang/Object'[]
 - length: 2539
R13=0x00007ffd575156e0 is an unknown value
R14=0x00000001022112d8: _ZN8Universe13_narrow_klassE+0 in /Applications/Android Studio.app/Contents/jre/jdk/Contents/Home/jre/lib/server/libjvm.dylib at 0x0000000101a00000
R15=0x00007ffd575156e8 is an unknown value


Stack: [0x000070000bfcd000,0x000070000c0cd000],  sp=0x000070000c0cccf0,  free space=1023k
Native frames: (J=compiled Java code, j=interpreted, Vv=VM code, C=native code)
V  [libjvm.dylib+0x481965]  void PSParallelCompact::mark_and_push<unsigned int>(ParCompactionManager*, unsigned int*)+0x4d
V  [libjvm.dylib+0x48fa5a]  ParCompactionManager::follow_marking_stacks()+0x22c
V  [libjvm.dylib+0x480bfc]  ThreadRootsMarkingTask::do_it(GCTaskManager*, unsigned int)+0xf8
V  [libjvm.dylib+0x25a011]  GCTaskThread::run()+0x12d
V  [libjvm.dylib+0x45b9eb]  java_start(Thread*)+0xfa
C  [libsystem_pthread.dylib+0x6109]  _pthread_start+0x94
C  [libsystem_pthread.dylib+0x1b8b]  thread_start+0xf


---------------  P R O C E S S  ---------------

Java Threads: ( => current thread )
  0x00007ffd62205000 JavaThread "WorkerExecutor Queue" [_thread_blocked, id=93975, stack(0x00007000162b3000,0x00007000163b3000)]
  0x00007ffd61a42800 JavaThread "Cache worker for execution history cache (/Users/fanny/Desktop/ewm/E-waste-management/.gradle/6.5/executionHistory)" [_thread_blocked, id=25627, stack(0x00007000161b0000,0x00007000162b0000)]
  0x00007ffd6430a800 JavaThread "Execution worker for ':' Thread 3" [_thread_blocked, id=91415, stack(0x00007000160ad000,0x00007000161ad000)]
  0x00007ffd62203800 JavaThread "Execution worker for ':' Thread 2" [_thread_blocked, id=22043, stack(0x0000700015faa000,0x00007000160aa000)]
  0x00007ffd62203000 JavaThread "Execution worker for ':'" [_thread_blocked, id=74267, stack(0x0000700015ea7000,0x0000700015fa7000)]
  0x00007ffd60ec6800 JavaThread "Cache worker for file content cache (/Users/fanny/Desktop/ewm/E-waste-management/.gradle/6.5/fileContent)" [_thread_blocked, id=94487, stack(0x0000700015da4000,0x0000700015ea4000)]
  0x00007ffd60a89000 JavaThread "pool-17-thread-1" [_thread_blocked, id=64543, stack(0x0000700015b9e000,0x0000700015c9e000)]
  0x00007ffd59972800 JavaThread "Cache worker for Build Output Cleanup Cache (/Users/fanny/Desktop/ewm/E-waste-management/.gradle/buildOutputCleanup)" [_thread_blocked, id=90647, stack(0x0000700015a9b000,0x0000700015b9b000)]
  0x00007ffd59ce0800 JavaThread "Build operations Thread 4" [_thread_blocked, id=40995, stack(0x000070000e236000,0x000070000e336000)]
  0x00007ffd646e9800 JavaThread "Build operations Thread 3" [_thread_blocked, id=70435, stack(0x000070000e133000,0x000070000e233000)]
  0x00007ffd5cc87000 JavaThread "Build operations Thread 2" [_thread_blocked, id=58907, stack(0x000070000e030000,0x000070000e130000)]
  0x00007ffd5d59b000 JavaThread "Build operations" [_thread_blocked, id=47647, stack(0x000070000df2d000,0x000070000e02d000)]
  0x00007ffd646f3800 JavaThread "Cache worker for cache directory md-rule (/Users/fanny/.gradle/caches/6.5/md-rule)" [_thread_blocked, id=83999, stack(0x000070000de2a000,0x000070000df2a000)]
  0x00007ffd5cceb000 JavaThread "Cache worker for cache directory md-supplier (/Users/fanny/.gradle/caches/6.5/md-supplier)" [_thread_blocked, id=127003, stack(0x000070000dd27000,0x000070000de27000)]
  0x00007ffd5d598800 JavaThread "Cache worker for checksums cache (/Users/fanny/Desktop/ewm/E-waste-management/.gradle/checksums)" [_thread_blocked, id=61467, stack(0x000070000dc24000,0x000070000dd24000)]
  0x00007ffd57f4d800 JavaThread "Cache worker for file hash cache (/Users/fanny/Desktop/ewm/E-waste-management/.gradle/6.5/fileHashes)" [_thread_blocked, id=92695, stack(0x000070000db21000,0x000070000dc21000)]
  0x00007ffd58e2a000 JavaThread "Thread-886" [_thread_blocked, id=91671, stack(0x000070000d715000,0x000070000d815000)]
  0x00007ffd61b37800 JavaThread "Stdin handler" [_thread_blocked, id=71707, stack(0x000070000d612000,0x000070000d712000)]
  0x00007ffd587e7800 JavaThread "Asynchronous log dispatcher for DefaultDaemonConnection: socket connection from /127.0.0.1:52924 to /127.0.0.1:53352" [_thread_blocked, id=121355, stack(0x000070000d50f000,0x000070000d60f000)]
  0x00007ffd58d0f800 JavaThread "Cancel handler" [_thread_blocked, id=60447, stack(0x000070000d309000,0x000070000d409000)]
  0x00007ffd59ce5800 JavaThread "Handler for socket connection from /127.0.0.1:52924 to /127.0.0.1:53352" [_thread_in_native, id=94743, stack(0x000070000d206000,0x000070000d306000)]
  0x00007ffd59e42800 JavaThread "RMI TCP Connection(idle)" daemon [_thread_blocked, id=121095, stack(0x0000700016bce000,0x0000700016cce000)]
  0x00007ffd588ea800 JavaThread "process reaper" daemon [_thread_blocked, id=127511, stack(0x000070000c790000,0x000070000c7b8000)]
  0x00007ffd644ba000 JavaThread "jar transforms Thread 701" [_thread_blocked, id=124951, stack(0x0000700015998000,0x0000700015a98000)]
  0x00007ffd585a6000 JavaThread "jar transforms Thread 700" [_thread_blocked, id=90903, stack(0x0000700015895000,0x0000700015995000)]
  0x00007ffd57e7e000 JavaThread "jar transforms Thread 699" [_thread_blocked, id=75035, stack(0x0000700015792000,0x0000700015892000)]
  0x00007ffd585a5800 JavaThread "jar transforms Thread 698" [_thread_blocked, id=92179, stack(0x000070001568f000,0x000070001578f000)]
  0x00007ffd609ab800 JavaThread "jar transforms Thread 697" [_thread_blocked, id=122899, stack(0x000070001558c000,0x000070001568c000)]
  0x00007ffd5bc34000 JavaThread "jar transforms Thread 696" [_thread_blocked, id=124175, stack(0x0000700015489000,0x0000700015589000)]
  0x00007ffd585a4800 JavaThread "jar transforms Thread 695" [_thread_blocked, id=93711, stack(0x0000700015386000,0x0000700015486000)]
  0x00007ffd609aa800 JavaThread "jar transforms Thread 694" [_thread_blocked, id=97031, stack(0x0000700015283000,0x0000700015383000)]
  0x00007ffd585a4000 JavaThread "jar transforms Thread 693" [_thread_blocked, id=119303, stack(0x0000700015180000,0x0000700015280000)]
  0x00007ffd609aa000 JavaThread "jar transforms Thread 692" [_thread_blocked, id=90395, stack(0x000070001507d000,0x000070001517d000)]
  0x00007ffd609a9000 JavaThread "jar transforms Thread 691" [_thread_blocked, id=72219, stack(0x0000700014f7a000,0x000070001507a000)]
  0x00007ffd585a3000 JavaThread "jar transforms Thread 690" [_thread_blocked, id=61979, stack(0x0000700014e77000,0x0000700014f77000)]
  0x00007ffd609b4000 JavaThread "jar transforms Thread 689" [_thread_blocked, id=71195, stack(0x0000700014d74000,0x0000700014e74000)]
  0x00007ffd585a2800 JavaThread "jar transforms Thread 688" [_thread_blocked, id=82719, stack(0x0000700014c71000,0x0000700014d71000)]
  0x00007ffd585a1800 JavaThread "jar transforms Thread 687" [_thread_blocked, id=68119, stack(0x0000700014b6e000,0x0000700014c6e000)]
  0x00007ffd609b3800 JavaThread "jar transforms Thread 686" [_thread_blocked, id=72471, stack(0x0000700014a6b000,0x0000700014b6b000)]
  0x00007ffd609b2800 JavaThread "jar transforms Thread 685" [_thread_blocked, id=52247, stack(0x0000700014968000,0x0000700014a68000)]
  0x00007ffd58a88000 JavaThread "jar transforms Thread 684" [_thread_blocked, id=88087, stack(0x0000700014865000,0x0000700014965000)]
  0x00007ffd609b2000 JavaThread "jar transforms Thread 683" [_thread_blocked, id=41751, stack(0x0000700014762000,0x0000700014862000)]
  0x00007ffd60a88000 JavaThread "jar transforms Thread 682" [_thread_blocked, id=127771, stack(0x000070001465f000,0x000070001475f000)]
  0x00007ffd5b929800 JavaThread "jar transforms Thread 681" [_thread_blocked, id=129815, stack(0x000070001455c000,0x000070001465c000)]
  0x00007ffd60a87000 JavaThread "jar transforms Thread 680" [_thread_blocked, id=70679, stack(0x0000700014459000,0x0000700014559000)]
  0x00007ffd644b9800 JavaThread "jar transforms Thread 679" [_thread_blocked, id=70167, stack(0x0000700014356000,0x0000700014456000)]
  0x00007ffd5bc76000 JavaThread "jar transforms Thread 678" [_thread_blocked, id=33815, stack(0x0000700014253000,0x0000700014353000)]
  0x00007ffd58a87000 JavaThread "jar transforms Thread 677" [_thread_blocked, id=74007, stack(0x0000700014150000,0x0000700014250000)]
  0x00007ffd60a86800 JavaThread "jar transforms Thread 676" [_thread_blocked, id=49691, stack(0x000070001404d000,0x000070001414d000)]
  0x00007ffd644b8800 JavaThread "jar transforms Thread 675" [_thread_blocked, id=69663, stack(0x0000700013f4a000,0x000070001404a000)]
  0x00007ffd58a86800 JavaThread "jar transforms Thread 674" [_thread_blocked, id=54551, stack(0x0000700013e47000,0x0000700013f47000)]
  0x00007ffd60de0000 JavaThread "jar transforms Thread 673" [_thread_blocked, id=77591, stack(0x0000700013d44000,0x0000700013e44000)]
  0x00007ffd5efd5800 JavaThread "jar transforms Thread 672" [_thread_blocked, id=54295, stack(0x0000700013c41000,0x0000700013d41000)]
  0x00007ffd58a85800 JavaThread "jar transforms Thread 671" [_thread_blocked, id=79127, stack(0x0000700013b3e000,0x0000700013c3e000)]
  0x00007ffd60ddf800 JavaThread "jar transforms Thread 670" [_thread_blocked, id=59415, stack(0x0000700013a3b000,0x0000700013b3b000)]
  0x00007ffd5efcb000 JavaThread "jar transforms Thread 669" [_thread_blocked, id=47391, stack(0x0000700013938000,0x0000700013a38000)]
  0x00007ffd58a85000 JavaThread "jar transforms Thread 668" [_thread_blocked, id=73751, stack(0x0000700013835000,0x0000700013935000)]
  0x00007ffd644b8000 JavaThread "jar transforms Thread 667" [_thread_blocked, id=73239, stack(0x0000700013732000,0x0000700013832000)]
  0x00007ffd60dde800 JavaThread "jar transforms Thread 666" [_thread_blocked, id=50199, stack(0x000070001362f000,0x000070001372f000)]
  0x00007ffd58a84000 JavaThread "jar transforms Thread 665" [_thread_blocked, id=78103, stack(0x000070001352c000,0x000070001362c000)]
  0x00007ffd609b7800 JavaThread "jar transforms Thread 664" [_thread_blocked, id=79895, stack(0x0000700013429000,0x0000700013529000)]
  0x00007ffd58a83800 JavaThread "jar transforms Thread 663" [_thread_blocked, id=30487, stack(0x0000700013326000,0x0000700013426000)]
  0x00007ffd609b7000 JavaThread "jar transforms Thread 662" [_thread_blocked, id=56091, stack(0x0000700013223000,0x0000700013323000)]
  0x00007ffd609b6000 JavaThread "jar transforms Thread 661" [_thread_blocked, id=61723, stack(0x0000700013120000,0x0000700013220000)]
  0x00007ffd5efc6800 JavaThread "jar transforms Thread 660" [_thread_blocked, id=56599, stack(0x000070001301d000,0x000070001311d000)]
  0x00007ffd58a82800 JavaThread "jar transforms Thread 659" [_thread_blocked, id=129559, stack(0x0000700012f1a000,0x000070001301a000)]
  0x00007ffd58a82000 JavaThread "jar transforms Thread 658" [_thread_blocked, id=75547, stack(0x0000700012e17000,0x0000700012f17000)]
  0x00007ffd58d78800 JavaThread "jar transforms Thread 657" [_thread_blocked, id=47127, stack(0x0000700012d14000,0x0000700012e14000)]
  0x00007ffd58d78000 JavaThread "jar transforms Thread 656" [_thread_blocked, id=77335, stack(0x0000700012c11000,0x0000700012d11000)]
  0x00007ffd5f34c800 JavaThread "jar transforms Thread 655" [_thread_blocked, id=86807, stack(0x0000700012b0e000,0x0000700012c0e000)]
  0x00007ffd58d77000 JavaThread "jar transforms Thread 654" [_thread_blocked, id=80151, stack(0x0000700012a0b000,0x0000700012b0b000)]
  0x00007ffd60958000 JavaThread "jar transforms Thread 653" [_thread_blocked, id=87575, stack(0x0000700012908000,0x0000700012a08000)]
  0x00007ffd60957800 JavaThread "jar transforms Thread 652" [_thread_blocked, id=87831, stack(0x0000700012805000,0x0000700012905000)]
  0x00007ffd64144000 JavaThread "jar transforms Thread 651" [_thread_blocked, id=24343, stack(0x0000700012702000,0x0000700012802000)]
  0x00007ffd58d76800 JavaThread "jar transforms Thread 650" [_thread_blocked, id=54807, stack(0x00007000125ff000,0x00007000126ff000)]
  0x00007ffd60956800 JavaThread "jar transforms Thread 649" [_thread_blocked, id=130327, stack(0x00007000124fc000,0x00007000125fc000)]
  0x00007ffd58d75800 JavaThread "jar transforms Thread 648" [_thread_blocked, id=87063, stack(0x00007000123f9000,0x00007000124f9000)]
  0x00007ffd60b54000 JavaThread "jar transforms Thread 647" [_thread_blocked, id=85015, stack(0x00007000122f6000,0x00007000123f6000)]
  0x00007ffd58d75000 JavaThread "jar transforms Thread 646" [_thread_blocked, id=129303, stack(0x00007000121f3000,0x00007000122f3000)]
  0x00007ffd60b53000 JavaThread "jar transforms Thread 645" [_thread_blocked, id=86039, stack(0x00007000120f0000,0x00007000121f0000)]
  0x00007ffd58d74000 JavaThread "jar transforms Thread 644" [_thread_blocked, id=67607, stack(0x0000700011fed000,0x00007000120ed000)]
  0x00007ffd58d73800 JavaThread "jar transforms Thread 643" [_thread_blocked, id=85271, stack(0x0000700011eea000,0x0000700011fea000)]
  0x00007ffd5f317800 JavaThread "jar transforms Thread 642" [_thread_blocked, id=49175, stack(0x0000700011de7000,0x0000700011ee7000)]
  0x00007ffd60a7e800 JavaThread "jar transforms Thread 641" [_thread_blocked, id=48407, stack(0x0000700011ce4000,0x0000700011de4000)]
  0x00007ffd60a7d800 JavaThread "jar transforms Thread 640" [_thread_blocked, id=48919, stack(0x0000700011be1000,0x0000700011ce1000)]
  0x00007ffd5efac000 JavaThread "jar transforms Thread 639" [_thread_blocked, id=82455, stack(0x0000700011ade000,0x0000700011bde000)]
  0x00007ffd60a6a800 JavaThread "jar transforms Thread 638" [_thread_blocked, id=35607, stack(0x00007000119db000,0x0000700011adb000)]
  0x00007ffd58d72800 JavaThread "jar transforms Thread 637" [_thread_blocked, id=34583, stack(0x00007000118d8000,0x00007000119d8000)]
  0x00007ffd60a69800 JavaThread "jar transforms Thread 636" [_thread_blocked, id=81687, stack(0x00007000117d5000,0x00007000118d5000)]
  0x00007ffd64143000 JavaThread "jar transforms Thread 635" [_thread_blocked, id=81943, stack(0x00007000116d2000,0x00007000117d2000)]
  0x00007ffd58e28800 JavaThread "jar transforms Thread 634" [_thread_blocked, id=28695, stack(0x00007000115cf000,0x00007000116cf000)]
  0x00007ffd60a8d000 JavaThread "jar transforms Thread 633" [_thread_blocked, id=37143, stack(0x00007000114cc000,0x00007000115cc000)]
  0x00007ffd58e28000 JavaThread "jar transforms Thread 632" [_thread_blocked, id=27927, stack(0x00007000113c9000,0x00007000114c9000)]
  0x00007ffd60a8c000 JavaThread "jar transforms Thread 631" [_thread_blocked, id=81431, stack(0x00007000112c6000,0x00007000113c6000)]
  0x00007ffd58e27000 JavaThread "jar transforms Thread 630" [_thread_blocked, id=29975, stack(0x00007000111c3000,0x00007000112c3000)]
  0x00007ffd60d03000 JavaThread "jar transforms Thread 629" [_thread_blocked, id=35863, stack(0x00007000110c0000,0x00007000111c0000)]
  0x00007ffd58e26800 JavaThread "jar transforms Thread 628" [_thread_blocked, id=42007, stack(0x0000700010fbd000,0x00007000110bd000)]
  0x00007ffd5f5bb000 JavaThread "jar transforms Thread 627" [_thread_blocked, id=128535, stack(0x0000700010eba000,0x0000700010fba000)]
  0x00007ffd60d02000 JavaThread "jar transforms Thread 626" [_thread_blocked, id=26903, stack(0x0000700010db7000,0x0000700010eb7000)]
  0x00007ffd64142800 JavaThread "jar transforms Thread 625" [_thread_blocked, id=31255, stack(0x0000700010cb4000,0x0000700010db4000)]
  0x00007ffd641e6800 JavaThread "jar transforms Thread 624" [_thread_blocked, id=26647, stack(0x0000700010bb1000,0x0000700010cb1000)]
  0x00007ffd641e5800 JavaThread "jar transforms Thread 623" [_thread_blocked, id=36119, stack(0x0000700010aae000,0x0000700010bae000)]
  0x00007ffd641e5000 JavaThread "jar transforms Thread 622" [_thread_blocked, id=36631, stack(0x00007000109ab000,0x0000700010aab000)]
  0x00007ffd5eb02800 JavaThread "jar transforms Thread 621" [_thread_blocked, id=37399, stack(0x00007000108a8000,0x00007000109a8000)]
  0x00007ffd58e25800 JavaThread "jar transforms Thread 620" [_thread_blocked, id=23575, stack(0x00007000107a5000,0x00007000108a5000)]
  0x00007ffd5ea8e000 JavaThread "jar transforms Thread 619" [_thread_blocked, id=50967, stack(0x00007000106a2000,0x00007000107a2000)]
  0x00007ffd58e25000 JavaThread "jar transforms Thread 618" [_thread_blocked, id=39447, stack(0x000070001059f000,0x000070001069f000)]
  0x00007ffd6207a800 JavaThread "jar transforms Thread 617" [_thread_blocked, id=74775, stack(0x000070001049c000,0x000070001059c000)]
  0x00007ffd58e24000 JavaThread "jar transforms Thread 616" [_thread_blocked, id=49943, stack(0x0000700010399000,0x0000700010499000)]
  0x00007ffd62079800 JavaThread "jar transforms Thread 615" [_thread_blocked, id=82199, stack(0x0000700010296000,0x0000700010396000)]
  0x00007ffd58e23800 JavaThread "jar transforms Thread 614" [_thread_blocked, id=80663, stack(0x0000700010193000,0x0000700010293000)]
  0x00007ffd58e22800 JavaThread "jar transforms Thread 613" [_thread_blocked, id=46103, stack(0x0000700010090000,0x0000700010190000)]
  0x00007ffd60a9f800 JavaThread "jar transforms Thread 612" [_thread_blocked, id=51479, stack(0x000070000ff8d000,0x000070001008d000)]
  0x00007ffd58e5a000 JavaThread "jar transforms Thread 611" [_thread_blocked, id=30743, stack(0x000070000fe8a000,0x000070000ff8a000)]
  0x00007ffd60a9e800 JavaThread "jar transforms Thread 610" [_thread_blocked, id=78359, stack(0x000070000fd87000,0x000070000fe87000)]
  0x00007ffd57ff7000 JavaThread "jar transforms Thread 609" [_thread_blocked, id=43031, stack(0x000070000fc84000,0x000070000fd84000)]
  0x00007ffd60b00800 JavaThread "jar transforms Thread 608" [_thread_blocked, id=55575, stack(0x000070000fb81000,0x000070000fc81000)]
  0x00007ffd621f0800 JavaThread "jar transforms Thread 607" [_thread_blocked, id=62487, stack(0x000070000fa7e000,0x000070000fb7e000)]
  0x00007ffd623b9000 JavaThread "jar transforms Thread 606" [_thread_blocked, id=75287, stack(0x000070000f775000,0x000070000f875000)]
  0x00007ffd5d111000 JavaThread "jar transforms Thread 605" [_thread_blocked, id=55319, stack(0x000070000f672000,0x000070000f772000)]
  0x00007ffd626ed800 JavaThread "jar transforms Thread 604" [_thread_blocked, id=69399, stack(0x000070000f56f000,0x000070000f66f000)]
  0x00007ffd5d5bc000 JavaThread "jar transforms Thread 603" [_thread_blocked, id=53015, stack(0x000070000f46c000,0x000070000f56c000)]
  0x00007ffd624bc800 JavaThread "jar transforms Thread 602" [_thread_blocked, id=73495, stack(0x000070000f369000,0x000070000f469000)]
  0x00007ffd57ec0000 JavaThread "jar transforms Thread 601" [_thread_blocked, id=76823, stack(0x000070000f266000,0x000070000f366000)]
  0x00007ffd58212800 JavaThread "jar transforms Thread 600" [_thread_blocked, id=58647, stack(0x000070000f163000,0x000070000f263000)]
  0x00007ffd62317000 JavaThread "jar transforms Thread 599" [_thread_blocked, id=51735, stack(0x000070000f060000,0x000070000f160000)]
  0x00007ffd583f7000 JavaThread "jar transforms Thread 598" [_thread_blocked, id=39191, stack(0x000070000ef5d000,0x000070000f05d000)]
  0x00007ffd62343800 JavaThread "jar transforms Thread 597" [_thread_blocked, id=52503, stack(0x000070000ee5a000,0x000070000ef5a000)]
  0x00007ffd58d6f000 JavaThread "jar transforms Thread 596" [_thread_blocked, id=55831, stack(0x000070000ed57000,0x000070000ee57000)]
  0x00007ffd64392800 JavaThread "jar transforms Thread 595" [_thread_blocked, id=24855, stack(0x000070000ec54000,0x000070000ed54000)]
  0x00007ffd579d8800 JavaThread "jar transforms Thread 594" [_thread_blocked, id=78615, stack(0x000070000eb51000,0x000070000ec51000)]
  0x00007ffd60954800 JavaThread "jar transforms Thread 593" [_thread_blocked, id=130583, stack(0x000070000ea4e000,0x000070000eb4e000)]
  0x00007ffd60b73800 JavaThread "jar transforms Thread 592" [_thread_blocked, id=66071, stack(0x000070000e94b000,0x000070000ea4b000)]
  0x00007ffd64392000 JavaThread "jar transforms Thread 591" [_thread_blocked, id=84759, stack(0x000070000e848000,0x000070000e948000)]
  0x00007ffd58158000 JavaThread "jar transforms Thread 590" [_thread_blocked, id=64023, stack(0x000070000e745000,0x000070000e845000)]
  0x00007ffd64051800 JavaThread "jar transforms Thread 589" [_thread_blocked, id=24087, stack(0x000070000e642000,0x000070000e742000)]
  0x00007ffd64051000 JavaThread "jar transforms Thread 588" [_thread_blocked, id=59159, stack(0x000070000e53f000,0x000070000e63f000)]
  0x00007ffd5f396000 JavaThread "jar transforms Thread 587" [_thread_blocked, id=52759, stack(0x000070000e43c000,0x000070000e53c000)]
  0x00007ffd6431d000 JavaThread "jar transforms Thread 586" [_thread_blocked, id=84247, stack(0x000070000e339000,0x000070000e439000)]
  0x00007ffd58a04000 JavaThread "Daemon worker Thread 6" [_thread_blocked, id=127251, stack(0x000070000d40c000,0x000070000d50c000)]
  0x00007ffd58177800 JavaThread "Daemon Thread 6" [_thread_blocked, id=16663, stack(0x000070000d103000,0x000070000d203000)]
  0x00007ffd58d70000 JavaThread "RMI TCP Connection(idle)" daemon [_thread_blocked, id=120067, stack(0x00007000178f5000,0x00007000179f5000)]
  0x00007ffd63d5a000 JavaThread "Cache worker for Java compile cache (/Users/fanny/.gradle/caches/6.5/javaCompile)" [_thread_blocked, id=125703, stack(0x00007000170dd000,0x00007000171dd000)]
  0x00007ffd599f1800 JavaThread "RMI Reaper" [_thread_blocked, id=28947, stack(0x0000700016ed7000,0x0000700016fd7000)]
  0x00007ffd5786d000 JavaThread "RMI TCP Accept-0" daemon [_thread_in_native, id=58131, stack(0x0000700016dd4000,0x0000700016ed4000)]
  0x00007ffd5cb6e000 JavaThread "GC Daemon" daemon [_thread_blocked, id=51219, stack(0x0000700016cd1000,0x0000700016dd1000)]
  0x00007ffd57945000 JavaThread "RMI Scheduler(0)" daemon [_thread_blocked, id=123923, stack(0x00007000168c5000,0x00007000169c5000)]
  0x00007ffd5c897000 JavaThread "process reaper" daemon [_thread_in_native, id=122375, stack(0x000070000c765000,0x000070000c78d000)]
  0x00007ffd5ec85000 JavaThread "MarlinRenderer Disposer" daemon [_thread_blocked, id=125191, stack(0x00007000167c2000,0x00007000168c2000)]
  0x00007ffd5ebdd000 JavaThread "Java2D Disposer" daemon [_thread_blocked, id=91143, stack(0x00007000166bf000,0x00007000167bf000)]
  0x00007ffd5bdc1000 JavaThread "AWT-AppKit" daemon [_thread_in_native, id=775, stack(0x00007ffeee873000,0x00007ffeef073000)]
  0x00007ffd57f64800 JavaThread "Memory manager" [_thread_blocked, id=88583, stack(0x0000700015ca1000,0x0000700015da1000)]
  0x00007ffd5d0c0800 JavaThread "Cache worker for file content cache (/Users/fanny/.gradle/caches/6.5/fileContent)" [_thread_blocked, id=33283, stack(0x000070000f97b000,0x000070000fa7b000)]
  0x00007ffd57ffc800 JavaThread "Cache worker for execution history cache (/Users/fanny/.gradle/caches/6.5/executionHistory)" [_thread_blocked, id=12807, stack(0x000070000f878000,0x000070000f978000)]
  0x00007ffd58bd2800 JavaThread "Cache worker for file hash cache (/Users/fanny/.gradle/caches/6.5/fileHashes)" [_thread_blocked, id=23043, stack(0x000070000da1e000,0x000070000db1e000)]
  0x00007ffd599e1800 JavaThread "File lock request listener" [_thread_in_native, id=41475, stack(0x000070000d91b000,0x000070000da1b000)]
  0x00007ffd5819f800 JavaThread "Cache worker for journal cache (/Users/fanny/.gradle/caches/journal-1)" [_thread_blocked, id=22531, stack(0x000070000d818000,0x000070000d918000)]
  0x00007ffd58155000 JavaThread "Daemon periodic checks" [_thread_blocked, id=17155, stack(0x000070000d000000,0x000070000d100000)]
  0x00007ffd58c7e800 JavaThread "Incoming local TCP Connector on port 52924" [_thread_in_native, id=15363, stack(0x000070000cefd000,0x000070000cffd000)]
  0x00007ffd57969800 JavaThread "Daemon health stats" [_thread_blocked, id=17667, stack(0x000070000cdfa000,0x000070000cefa000)]
  0x00007ffd5787f000 JavaThread "Service Thread" daemon [_thread_blocked, id=18179, stack(0x000070000cbf4000,0x000070000ccf4000)]
  0x00007ffd57864000 JavaThread "C1 CompilerThread2" daemon [_thread_blocked, id=18691, stack(0x000070000caf1000,0x000070000cbf1000)]
  0x00007ffd57863800 JavaThread "C2 CompilerThread1" daemon [_thread_in_native, id=14595, stack(0x000070000c9ee000,0x000070000caee000)]
  0x00007ffd5803d000 JavaThread "C2 CompilerThread0" daemon [_thread_blocked, id=14083, stack(0x000070000c8eb000,0x000070000c9eb000)]
  0x00007ffd57861800 JavaThread "Signal Dispatcher" daemon [_thread_blocked, id=13827, stack(0x000070000c7e8000,0x000070000c8e8000)]
  0x00007ffd58027000 JavaThread "Finalizer" daemon [_thread_blocked, id=20995, stack(0x000070000c5df000,0x000070000c6df000)]
  0x00007ffd57835000 JavaThread "Reference Handler" daemon [_thread_blocked, id=21251, stack(0x000070000c4dc000,0x000070000c5dc000)]
  0x00007ffd58809000 JavaThread "main" [_thread_blocked, id=3075, stack(0x000070000beca000,0x000070000bfca000)]

Other Threads:
  0x00007ffd58024800 VMThread [stack: 0x000070000c3d9000,0x000070000c4d9000] [id=11011]
  0x00007ffd5787f800 WatcherThread [stack: 0x000070000ccf7000,0x000070000cdf7000] [id=14851]

=>0x00007ffd5800d000 (exited) GCTaskThread [stack: 0x000070000bfcd000,0x000070000c0cd000] [id=7431]

VM state:at safepoint (normal execution)

VM Mutex/Monitor currently owned by a thread:  ([mutex/lock_event])
[0x00007ffd5740b920] Threads_lock - owner thread: 0x00007ffd58024800
[0x00007ffd5740be20] Heap_lock - owner thread: 0x00007ffd5cc87000

heap address: 0x0000000740000000, size: 2048 MB, Compressed Oops mode: Zero based, Oop shift amount: 3
Narrow klass base: 0x0000000000000000, Narrow klass shift: 3
Compressed class space size: 1073741824 Address: 0x00000007c0000000

Heap:
 PSYoungGen      total 624640K, used 24616K [0x0000000795580000, 0x00000007c0000000, 0x00000007c0000000)
  eden space 562688K, 0% used [0x0000000795580000,0x0000000795580000,0x00000007b7b00000)
  from space 61952K, 39% used [0x00000007b7b00000,0x00000007b930a220,0x00000007bb780000)
  to   space 59904K, 0% used [0x00000007bc580000,0x00000007bc580000,0x00000007c0000000)
 ParOldGen       total 465920K, used 435376K [0x0000000740000000, 0x000000075c700000, 0x0000000795580000)
  object space 465920K, 93% used [0x0000000740000000,0x000000075a92c2a0,0x000000075c700000)
 Metaspace       used 178668K, capacity 188696K, committed 188888K, reserved 1212416K
  class space    used 23062K, capacity 25065K, committed 25088K, reserved 1048576K

Card table byte_map: [0x0000000111c78000,0x0000000112079000] byte_map_base: 0x000000010e278000

Marking Bits: (ParMarkBitMap*) 0x00000001022273f8
 Begin Bits: [0x0000000112079000, 0x0000000114079000)
 End Bits:   [0x0000000114079000, 0x0000000116079000)

Polling page: 0x0000000100c1d000

CodeCache: size=245760Kb used=91487Kb max_used=92275Kb free=154272Kb
 bounds [0x00000001028b8000, 0x0000000108398000, 0x00000001118b8000]
 total_blobs=27012 nmethods=25920 adapters=1001
 compilation: enabled

Compilation events (10 events):
Event: 1054.216 Thread 0x00007ffd5803d000 nmethod 34915 0x00000001075bee10 code [0x00000001075bf1a0, 0x00000001075c0d70]
Event: 1054.216 Thread 0x00007ffd5803d000 34914       4       com.android.tools.r8.ir.conversion.O::c (572 bytes)
Event: 1054.333 Thread 0x00007ffd57864000 34924 %     3       com.android.tools.r8.graph.C::a @ 93 (158 bytes)
Event: 1054.336 Thread 0x00007ffd57864000 nmethod 34924% 0x000000010703d690 code [0x000000010703d980, 0x000000010703f238]
Event: 1054.476 Thread 0x00007ffd57864000 34925 %     3       com.android.tools.r8.t.a.a.a.f.X::remove @ 62 (97 bytes)
Event: 1054.476 Thread 0x00007ffd57864000 nmethod 34925% 0x0000000103c33510 code [0x0000000103c336e0, 0x0000000103c33c08]
Event: 1054.542 Thread 0x00007ffd57864000 34926 %     3       com.android.tools.r8.graph.l1::a @ 36 (73 bytes)
Event: 1054.543 Thread 0x00007ffd57864000 nmethod 34926% 0x00000001079f32d0 code [0x00000001079f34a0, 0x00000001079f3ac8]
Event: 1054.573 Thread 0x00007ffd5803d000 nmethod 34914 0x00000001081a1150 code [0x00000001081a1600, 0x00000001081a35f8]
Event: 1054.574 Thread 0x00007ffd5803d000 34927       4       com.android.tools.r8.graph.v::<init> (116 bytes)

GC Heap History (10 events):
Event: 1049.528 GC heap after
Heap after GC invocations=90 (full 7):
 PSYoungGen      total 609280K, used 4544K [0x0000000795580000, 0x00000007bfb80000, 0x00000007c0000000)
  eden space 530432K, 0% used [0x0000000795580000,0x0000000795580000,0x00000007b5b80000)
  from space 78848K, 5% used [0x00000007b5b80000,0x00000007b5ff0000,0x00000007ba880000)
  to   space 75264K, 0% used [0x00000007bb200000,0x00000007bb200000,0x00000007bfb80000)
 ParOldGen       total 465920K, used 399729K [0x0000000740000000, 0x000000075c700000, 0x0000000795580000)
  object space 465920K, 85% used [0x0000000740000000,0x000000075865c758,0x000000075c700000)
 Metaspace       used 178659K, capacity 188696K, committed 188888K, reserved 1212416K
  class space    used 23061K, capacity 25065K, committed 25088K, reserved 1048576K
}
Event: 1050.599 GC heap before
{Heap before GC invocations=91 (full 7):
 PSYoungGen      total 609280K, used 534976K [0x0000000795580000, 0x00000007bfb80000, 0x00000007c0000000)
  eden space 530432K, 100% used [0x0000000795580000,0x00000007b5b80000,0x00000007b5b80000)
  from space 78848K, 5% used [0x00000007b5b80000,0x00000007b5ff0000,0x00000007ba880000)
  to   space 75264K, 0% used [0x00000007bb200000,0x00000007bb200000,0x00000007bfb80000)
 ParOldGen       total 465920K, used 399729K [0x0000000740000000, 0x000000075c700000, 0x0000000795580000)
  object space 465920K, 85% used [0x0000000740000000,0x000000075865c758,0x000000075c700000)
 Metaspace       used 178660K, capacity 188696K, committed 188888K, reserved 1212416K
  class space    used 23061K, capacity 25065K, committed 25088K, reserved 1048576K
Event: 1050.635 GC heap after
Heap after GC invocations=91 (full 7):
 PSYoungGen      total 610816K, used 15651K [0x0000000795580000, 0x00000007bf280000, 0x00000007c0000000)
  eden space 544768K, 0% used [0x0000000795580000,0x0000000795580000,0x00000007b6980000)
  from space 66048K, 23% used [0x00000007bb200000,0x00000007bc148e50,0x00000007bf280000)
  to   space 70144K, 0% used [0x00000007b6980000,0x00000007b6980000,0x00000007bae00000)
 ParOldGen       total 465920K, used 403315K [0x0000000740000000, 0x000000075c700000, 0x0000000795580000)
  object space 465920K, 86% used [0x0000000740000000,0x00000007589dcf10,0x000000075c700000)
 Metaspace       used 178660K, capacity 188696K, committed 188888K, reserved 1212416K
  class space    used 23061K, capacity 25065K, committed 25088K, reserved 1048576K
}
Event: 1052.022 GC heap before
{Heap before GC invocations=92 (full 7):
 PSYoungGen      total 610816K, used 560419K [0x0000000795580000, 0x00000007bf280000, 0x00000007c0000000)
  eden space 544768K, 100% used [0x0000000795580000,0x00000007b6980000,0x00000007b6980000)
  from space 66048K, 23% used [0x00000007bb200000,0x00000007bc148e50,0x00000007bf280000)
  to   space 70144K, 0% used [0x00000007b6980000,0x00000007b6980000,0x00000007bae00000)
 ParOldGen       total 465920K, used 403315K [0x0000000740000000, 0x000000075c700000, 0x0000000795580000)
  object space 465920K, 86% used [0x0000000740000000,0x00000007589dcf10,0x000000075c700000)
 Metaspace       used 178667K, capacity 188696K, committed 188888K, reserved 1212416K
  class space    used 23062K, capacity 25065K, committed 25088K, reserved 1048576K
Event: 1052.083 GC heap after
Heap after GC invocations=92 (full 7):
 PSYoungGen      total 614912K, used 12352K [0x0000000795580000, 0x00000007bfc00000, 0x00000007c0000000)
  eden space 544768K, 0% used [0x0000000795580000,0x0000000795580000,0x00000007b6980000)
  from space 70144K, 17% used [0x00000007b6980000,0x00000007b75902a8,0x00000007bae00000)
  to   space 66048K, 0% used [0x00000007bbb80000,0x00000007bbb80000,0x00000007bfc00000)
 ParOldGen       total 465920K, used 414373K [0x0000000740000000, 0x000000075c700000, 0x0000000795580000)
  object space 465920K, 88% used [0x0000000740000000,0x00000007594a9720,0x000000075c700000)
 Metaspace       used 178667K, capacity 188696K, committed 188888K, reserved 1212416K
  class space    used 23062K, capacity 25065K, committed 25088K, reserved 1048576K
}
Event: 1053.335 GC heap before
{Heap before GC invocations=93 (full 7):
 PSYoungGen      total 614912K, used 557120K [0x0000000795580000, 0x00000007bfc00000, 0x00000007c0000000)
  eden space 544768K, 100% used [0x0000000795580000,0x00000007b6980000,0x00000007b6980000)
  from space 70144K, 17% used [0x00000007b6980000,0x00000007b75902a8,0x00000007bae00000)
  to   space 66048K, 0% used [0x00000007bbb80000,0x00000007bbb80000,0x00000007bfc00000)
 ParOldGen       total 465920K, used 414373K [0x0000000740000000, 0x000000075c700000, 0x0000000795580000)
  object space 465920K, 88% used [0x0000000740000000,0x00000007594a9720,0x000000075c700000)
 Metaspace       used 178668K, capacity 188696K, committed 188888K, reserved 1212416K
  class space    used 23062K, capacity 25065K, committed 25088K, reserved 1048576K
Event: 1053.402 GC heap after
Heap after GC invocations=93 (full 7):
 PSYoungGen      total 620544K, used 14895K [0x0000000795580000, 0x00000007bf400000, 0x00000007c0000000)
  eden space 562688K, 0% used [0x0000000795580000,0x0000000795580000,0x00000007b7b00000)
  from space 57856K, 25% used [0x00000007bbb80000,0x00000007bca0bea0,0x00000007bf400000)
  to   space 61952K, 0% used [0x00000007b7b00000,0x00000007b7b00000,0x00000007bb780000)
 ParOldGen       total 465920K, used 423333K [0x0000000740000000, 0x000000075c700000, 0x0000000795580000)
  object space 465920K, 90% used [0x0000000740000000,0x0000000759d69418,0x000000075c700000)
 Metaspace       used 178668K, capacity 188696K, committed 188888K, reserved 1212416K
  class space    used 23062K, capacity 25065K, committed 25088K, reserved 1048576K
}
Event: 1054.697 GC heap before
{Heap before GC invocations=94 (full 7):
 PSYoungGen      total 620544K, used 577583K [0x0000000795580000, 0x00000007bf400000, 0x00000007c0000000)
  eden space 562688K, 100% used [0x0000000795580000,0x00000007b7b00000,0x00000007b7b00000)
  from space 57856K, 25% used [0x00000007bbb80000,0x00000007bca0bea0,0x00000007bf400000)
  to   space 61952K, 0% used [0x00000007b7b00000,0x00000007b7b00000,0x00000007bb780000)
 ParOldGen       total 465920K, used 423333K [0x0000000740000000, 0x000000075c700000, 0x0000000795580000)
  object space 465920K, 90% used [0x0000000740000000,0x0000000759d69418,0x000000075c700000)
 Metaspace       used 178668K, capacity 188696K, committed 188888K, reserved 1212416K
  class space    used 23062K, capacity 25065K, committed 25088K, reserved 1048576K
Event: 1054.774 GC heap after
Heap after GC invocations=94 (full 7):
 PSYoungGen      total 624640K, used 24616K [0x0000000795580000, 0x00000007c0000000, 0x00000007c0000000)
  eden space 562688K, 0% used [0x0000000795580000,0x0000000795580000,0x00000007b7b00000)
  from space 61952K, 39% used [0x00000007b7b00000,0x00000007b930a220,0x00000007bb780000)
  to   space 59904K, 0% used [0x00000007bc580000,0x00000007bc580000,0x00000007c0000000)
 ParOldGen       total 465920K, used 435376K [0x0000000740000000, 0x000000075c700000, 0x0000000795580000)
  object space 465920K, 93% used [0x0000000740000000,0x000000075a92c2a0,0x000000075c700000)
 Metaspace       used 178668K, capacity 188696K, committed 188888K, reserved 1212416K
  class space    used 23062K, capacity 25065K, committed 25088K, reserved 1048576K
}
Event: 1054.774 GC heap before
{Heap before GC invocations=95 (full 8):
 PSYoungGen      total 624640K, used 24616K [0x0000000795580000, 0x00000007c0000000, 0x00000007c0000000)
  eden space 562688K, 0% used [0x0000000795580000,0x0000000795580000,0x00000007b7b00000)
  from space 61952K, 39% used [0x00000007b7b00000,0x00000007b930a220,0x00000007bb780000)
  to   space 59904K, 0% used [0x00000007bc580000,0x00000007bc580000,0x00000007c0000000)
 ParOldGen       total 465920K, used 435376K [0x0000000740000000, 0x000000075c700000, 0x0000000795580000)
  object space 465920K, 93% used [0x0000000740000000,0x000000075a92c2a0,0x000000075c700000)
 Metaspace       used 178668K, capacity 188696K, committed 188888K, reserved 1212416K
  class space    used 23062K, capacity 25065K, committed 25088K, reserved 1048576K

Deoptimization events (10 events):
Event: 1047.024 Thread 0x00007ffd5cc87000 Uncommon trap: reason=array_check action=maybe_recompile pc=0x0000000102e83524 method=java.util.TimSort.mergeHi(IIII)V @ 419
Event: 1047.024 Thread 0x00007ffd5cc87000 Uncommon trap: reason=array_check action=maybe_recompile pc=0x0000000102e83524 method=java.util.TimSort.mergeHi(IIII)V @ 419
Event: 1047.025 Thread 0x00007ffd5cc87000 Uncommon trap: reason=array_check action=maybe_recompile pc=0x0000000103ea2bdc method=java.util.TimSort.mergeLo(IIII)V @ 375
Event: 1047.481 Thread 0x00007ffd5cc87000 Uncommon trap: reason=class_check action=maybe_recompile pc=0x00000001082b4ddc method=com.android.tools.r8.ir.optimize.m.a(Ljava/lang/Object;)I @ 87
Event: 1047.491 Thread 0x00007ffd646e9800 Uncommon trap: reason=class_check action=maybe_recompile pc=0x00000001082b4ddc method=com.android.tools.r8.ir.optimize.m.a(Ljava/lang/Object;)I @ 87
Event: 1047.829 Thread 0x00007ffd5cc87000 Uncommon trap: reason=unstable_if action=reinterpret pc=0x0000000108365264 method=java.util.PriorityQueue.siftUp(ILjava/lang/Object;)V @ 4
Event: 1048.277 Thread 0x00007ffd5cc87000 Uncommon trap: reason=unstable_if action=reinterpret pc=0x0000000107958a08 method=com.android.tools.r8.ir.optimize.n.a(Lcom/android/tools/r8/graph/f;Lcom/android/tools/r8/s/b/X;)V @ 117
Event: 1050.512 Thread 0x00007ffd5cc87000 Uncommon trap: reason=bimorphic action=maybe_recompile pc=0x00000001067f43c4 method=com.android.tools.r8.ir.conversion.N.a(ILcom/android/tools/r8/graph/s;)V @ 46
Event: 1054.526 Thread 0x00007ffd59ce0800 Uncommon trap: reason=bimorphic action=maybe_recompile pc=0x0000000107929e38 method=com.android.tools.r8.s.b.k0.a(Lcom/android/tools/r8/s/b/k0;Lcom/android/tools/r8/ir/regalloc/e;)Z @ 653
Event: 1054.526 Thread 0x00007ffd59ce0800 Uncommon trap: reason=bimorphic action=maybe_recompile pc=0x0000000107929e38 method=com.android.tools.r8.s.b.k0.a(Lcom/android/tools/r8/s/b/k0;Lcom/android/tools/r8/ir/regalloc/e;)Z @ 653

Classes redefined (0 events):
No events

Internal exceptions (10 events):
Event: 1049.326 Thread 0x00007ffd5cc87000 Exception <a 'sun/nio/fs/UnixException'> (0x00000007b20c0190) thrown at [/Volumes/Android/buildbot/src/googleplex-android/openjdk/out/hotspot/src/share/vm/prims/jni.cpp, line 710]
Event: 1049.404 Thread 0x00007ffd5cc87000 Exception <a 'sun/nio/fs/UnixException'> (0x00000007b46a0990) thrown at [/Volumes/Android/buildbot/src/googleplex-android/openjdk/out/hotspot/src/share/vm/prims/jni.cpp, line 710]
Event: 1049.539 Thread 0x00007ffd5cc87000 Exception <a 'sun/nio/fs/UnixException'> (0x0000000795d058e8) thrown at [/Volumes/Android/buildbot/src/googleplex-android/openjdk/out/hotspot/src/share/vm/prims/jni.cpp, line 710]
Event: 1049.734 Thread 0x00007ffd5cc87000 Exception <a 'sun/nio/fs/UnixException'> (0x000000079b7be5c0) thrown at [/Volumes/Android/buildbot/src/googleplex-android/openjdk/out/hotspot/src/share/vm/prims/jni.cpp, line 710]
Event: 1049.761 Thread 0x00007ffd5cc87000 Exception <a 'sun/nio/fs/UnixException'> (0x000000079b872e28) thrown at [/Volumes/Android/buildbot/src/googleplex-android/openjdk/out/hotspot/src/share/vm/prims/jni.cpp, line 710]
Event: 1050.858 Thread 0x00007ffd59ce0800 Exception <a 'sun/nio/fs/UnixException'> (0x000000079b5be230) thrown at [/Volumes/Android/buildbot/src/googleplex-android/openjdk/out/hotspot/src/share/vm/prims/jni.cpp, line 710]
Event: 1051.030 Thread 0x00007ffd5d59b000 Exception <a 'sun/nio/fs/UnixException'> (0x00000007a04c4158) thrown at [/Volumes/Android/buildbot/src/googleplex-android/openjdk/out/hotspot/src/share/vm/prims/jni.cpp, line 710]
Event: 1051.934 Thread 0x00007ffd59ce0800 Exception <a 'sun/nio/fs/UnixException'> (0x00000007b48a9860) thrown at [/Volumes/Android/buildbot/src/googleplex-android/openjdk/out/hotspot/src/share/vm/prims/jni.cpp, line 710]
Event: 1052.964 Thread 0x00007ffd59ce0800 Exception <a 'sun/nio/fs/UnixException'> (0x00000007aec79fe0) thrown at [/Volumes/Android/buildbot/src/googleplex-android/openjdk/out/hotspot/src/share/vm/prims/jni.cpp, line 710]
Event: 1054.652 Thread 0x00007ffd5d59b000 Exception <a 'sun/nio/fs/UnixException'> (0x00000007b5986b28) thrown at [/Volumes/Android/buildbot/src/googleplex-android/openjdk/out/hotspot/src/share/vm/prims/jni.cpp, line 710]

Events (10 events):
Event: 1054.382 Thread 0x00007ffd5cc87000 DEOPT UNPACKING pc=0x00000001028ff4c4 sp=0x000070000e12aa88 mode 0
Event: 1054.385 Thread 0x00007ffd646e9800 DEOPT PACKING pc=0x0000000106d57c3a sp=0x000070000e22da00
Event: 1054.385 Thread 0x00007ffd646e9800 DEOPT UNPACKING pc=0x00000001028ff4c4 sp=0x000070000e22d7b8 mode 0
Event: 1054.526 Thread 0x00007ffd59ce0800 Uncommon trap: trap_request=0xffffffc6 fr.pc=0x0000000107929e38
Event: 1054.526 Thread 0x00007ffd59ce0800 DEOPT PACKING pc=0x0000000107929e38 sp=0x000070000e3309f0
Event: 1054.526 Thread 0x00007ffd59ce0800 DEOPT UNPACKING pc=0x00000001028fd47a sp=0x000070000e3309f8 mode 2
Event: 1054.526 Thread 0x00007ffd59ce0800 Uncommon trap: trap_request=0xffffffc6 fr.pc=0x0000000107929e38
Event: 1054.526 Thread 0x00007ffd59ce0800 DEOPT PACKING pc=0x0000000107929e38 sp=0x000070000e3309f0
Event: 1054.526 Thread 0x00007ffd59ce0800 DEOPT UNPACKING pc=0x00000001028fd47a sp=0x000070000e3309f8 mode 2
Event: 1054.697 Executing VM operation: ParallelGCFailedAllocation


Dynamic libraries:
0x00007fff2d02d000 	/System/Library/Frameworks/Cocoa.framework/Versions/A/Cocoa
0x00007fff3a86e000 	/System/Library/Frameworks/Security.framework/Versions/A/Security
0x00007fff2bf92000 	/System/Library/Frameworks/ApplicationServices.framework/Versions/A/ApplicationServices
0x00007fff67440000 	/usr/lib/libz.1.dylib
0x00007fff64e76000 	/usr/lib/libSystem.B.dylib
0x00007fff2dee0000 	/System/Library/Frameworks/CoreFoundation.framework/Versions/A/CoreFoundation
0x00007fff305c0000 	/System/Library/Frameworks/Foundation.framework/Versions/C/Foundation
0x00007fff66d6d000 	/usr/lib/libobjc.A.dylib
0x00007fff2b182000 	/System/Library/Frameworks/AppKit.framework/Versions/C/AppKit
0x00007fff2d9b1000 	/System/Library/Frameworks/CoreData.framework/Versions/A/CoreData
0x00007fff5ee71000 	/System/Library/PrivateFrameworks/UIFoundation.framework/Versions/A/UIFoundation
0x00007fff59f05000 	/System/Library/PrivateFrameworks/RemoteViewServices.framework/Versions/A/RemoteViewServices
0x00007fff619e6000 	/System/Library/PrivateFrameworks/XCTTargetBootstrap.framework/Versions/A/XCTTargetBootstrap
0x00007fff2ddad000 	/System/Library/Frameworks/CoreDisplay.framework/Versions/A/CoreDisplay
0x00007fff3347e000 	/System/Library/Frameworks/Metal.framework/Versions/A/Metal
0x00007fff47f03000 	/System/Library/PrivateFrameworks/DesktopServicesPriv.framework/Versions/A/DesktopServicesPriv
0x00007fff66048000 	/usr/lib/liblangid.dylib
0x00007fff47198000 	/System/Library/PrivateFrameworks/CoreSVG.framework/Versions/A/CoreSVG
0x00007fff5d061000 	/System/Library/PrivateFrameworks/SkyLight.framework/Versions/A/SkyLight
0x00007fff2e362000 	/System/Library/Frameworks/CoreGraphics.framework/Versions/A/CoreGraphics
0x00007fff29af1000 	/System/Library/Frameworks/Accelerate.framework/Versions/A/Accelerate
0x00007fff67331000 	/usr/lib/libxml2.2.dylib
0x00007fff52e8f000 	/System/Library/PrivateFrameworks/IconServices.framework/Versions/A/IconServices
0x00007fff30d9f000 	/System/Library/Frameworks/IOSurface.framework/Versions/A/IOSurface
0x00007fff649a0000 	/usr/lib/libDiagnosticMessagesClient.dylib
0x00007fff47d5d000 	/System/Library/PrivateFrameworks/DFRFoundation.framework/Versions/A/DFRFoundation
0x00007fff65dd7000 	/usr/lib/libicucore.A.dylib
0x00007fff2c2c4000 	/System/Library/Frameworks/AudioToolbox.framework/Versions/A/AudioToolbox
0x00007fff2c3a7000 	/System/Library/Frameworks/AudioUnit.framework/Versions/A/AudioUnit
0x00007fff6510e000 	/usr/lib/libauto.dylib
0x00007fff47dff000 	/System/Library/PrivateFrameworks/DataDetectorsCore.framework/Versions/A/DataDetectorsCore
0x00007fff2cb4e000 	/System/Library/Frameworks/Carbon.framework/Versions/A/Frameworks/HIToolbox.framework/Versions/A/HIToolbox
0x00007fff39a68000 	/System/Library/Frameworks/QuartzCore.framework/Versions/A/QuartzCore
0x00007fff2ce8d000 	/System/Library/Frameworks/Carbon.framework/Versions/A/Frameworks/SpeechRecognition.framework/Versions/A/SpeechRecognition
0x00007fff47871000 	/System/Library/PrivateFrameworks/CoreUI.framework/Versions/A/CoreUI
0x00007fff2d41c000 	/System/Library/Frameworks/CoreAudio.framework/Versions/A/CoreAudio
0x00007fff3027f000 	/System/Library/Frameworks/DiskArbitration.framework/Versions/A/DiskArbitration
0x00007fff54edf000 	/System/Library/PrivateFrameworks/MultitouchSupport.framework/Versions/A/MultitouchSupport
0x00007fff65c9e000 	/usr/lib/libenergytrace.dylib
0x00007fff30cf9000 	/System/Library/Frameworks/IOKit.framework/Versions/A/IOKit
0x00007fff2f2eb000 	/System/Library/Frameworks/CoreServices.framework/Versions/A/CoreServices
0x00007fff57098000 	/System/Library/PrivateFrameworks/PerformanceAnalysis.framework/Versions/A/PerformanceAnalysis
0x00007fff38a9b000 	/System/Library/Frameworks/OpenGL.framework/Versions/A/OpenGL
0x00007fff2d03b000 	/System/Library/Frameworks/ColorSync.framework/Versions/A/ColorSync
0x00007fff2ea07000 	/System/Library/Frameworks/CoreImage.framework/Versions/A/CoreImage
0x00007fff2fd5e000 	/System/Library/Frameworks/CoreText.framework/Versions/A/CoreText
0x00007fff30e2f000 	/System/Library/Frameworks/ImageIO.framework/Versions/A/ImageIO
0x00007fff651f2000 	/usr/lib/libc++.1.dylib
0x00007fff6526e000 	/usr/lib/libcompression.dylib
0x00007fff64ce4000 	/usr/lib/libMobileGestalt.dylib
0x00007fff5ebdb000 	/System/Library/PrivateFrameworks/TextureIO.framework/Versions/A/TextureIO
0x00007fff64fdb000 	/usr/lib/libate.dylib
0x00007fff53098000 	/System/Library/PrivateFrameworks/InternationalSupport.framework/Versions/A/InternationalSupport
0x00007fff67d01000 	/usr/lib/system/libcache.dylib
0x00007fff67d07000 	/usr/lib/system/libcommonCrypto.dylib
0x00007fff67d13000 	/usr/lib/system/libcompiler_rt.dylib
0x00007fff67d1b000 	/usr/lib/system/libcopyfile.dylib
0x00007fff67d25000 	/usr/lib/system/libcorecrypto.dylib
0x00007fff67ec4000 	/usr/lib/system/libdispatch.dylib
0x00007fff67f05000 	/usr/lib/system/libdyld.dylib
0x00007fff67f3c000 	/usr/lib/system/libkeymgr.dylib
0x00007fff67f4a000 	/usr/lib/system/liblaunch.dylib
0x00007fff67f4b000 	/usr/lib/system/libmacho.dylib
0x00007fff67f51000 	/usr/lib/system/libquarantine.dylib
0x00007fff67f54000 	/usr/lib/system/libremovefile.dylib
0x00007fff67f56000 	/usr/lib/system/libsystem_asl.dylib
0x00007fff67f6e000 	/usr/lib/system/libsystem_blocks.dylib
0x00007fff67f6f000 	/usr/lib/system/libsystem_c.dylib
0x00007fff67ff7000 	/usr/lib/system/libsystem_configuration.dylib
0x00007fff67ffb000 	/usr/lib/system/libsystem_coreservices.dylib
0x00007fff67fff000 	/usr/lib/system/libsystem_darwin.dylib
0x00007fff68008000 	/usr/lib/system/libsystem_dnssd.dylib
0x00007fff68010000 	/usr/lib/system/libsystem_featureflags.dylib
0x00007fff68012000 	/usr/lib/system/libsystem_info.dylib
0x00007fff6808d000 	/usr/lib/system/libsystem_m.dylib
0x00007fff680d9000 	/usr/lib/system/libsystem_malloc.dylib
0x00007fff68101000 	/usr/lib/system/libsystem_networkextension.dylib
0x00007fff6810f000 	/usr/lib/system/libsystem_notify.dylib
0x00007fff6812d000 	/usr/lib/system/libsystem_sandbox.dylib
0x00007fff68132000 	/usr/lib/system/libsystem_secinit.dylib
0x00007fff68060000 	/usr/lib/system/libsystem_kernel.dylib
0x00007fff68119000 	/usr/lib/system/libsystem_platform.dylib
0x00007fff68122000 	/usr/lib/system/libsystem_pthread.dylib
0x00007fff68135000 	/usr/lib/system/libsystem_symptoms.dylib
0x00007fff6813d000 	/usr/lib/system/libsystem_trace.dylib
0x00007fff68155000 	/usr/lib/system/libunwind.dylib
0x00007fff6815b000 	/usr/lib/system/libxpc.dylib
0x00007fff65245000 	/usr/lib/libc++abi.dylib
0x00007fff6604a000 	/usr/lib/liblzma.5.dylib
0x00007fff65cc5000 	/usr/lib/libfakelink.dylib
0x00007fff64f68000 	/usr/lib/libarchive.2.dylib
0x00007fff3b91f000 	/System/Library/Frameworks/SystemConfiguration.framework/Versions/A/SystemConfiguration
0x00007fff648d3000 	/usr/lib/libCRFSuite.dylib
0x00007fff2c73e000 	/System/Library/Frameworks/CFNetwork.framework/Versions/A/CFNetwork
0x00007fff651d4000 	/usr/lib/libbsm.0.dylib
0x00007fff67f3d000 	/usr/lib/system/libkxld.dylib
0x00007fff416d9000 	/System/Library/PrivateFrameworks/AppleFSCompression.framework/Versions/A/AppleFSCompression
0x00007fff65560000 	/usr/lib/libcoretls.dylib
0x00007fff65577000 	/usr/lib/libcoretls_cfhelpers.dylib
0x00007fff66db2000 	/usr/lib/libpam.2.dylib
0x00007fff66ee7000 	/usr/lib/libsqlite3.dylib
0x00007fff6731e000 	/usr/lib/libxar.1.dylib
0x00007fff651e5000 	/usr/lib/libbz2.1.0.dylib
0x00007fff65ce6000 	/usr/lib/libiconv.2.dylib
0x00007fff6525b000 	/usr/lib/libcharset.1.dylib
0x00007fff66850000 	/usr/lib/libnetwork.dylib
0x00007fff66db9000 	/usr/lib/libpcap.A.dylib
0x00007fff64f1d000 	/usr/lib/libapple_nghttp2.dylib
0x00007fff2f6a2000 	/System/Library/Frameworks/CoreServices.framework/Versions/A/Frameworks/FSEvents.framework/Versions/A/FSEvents
0x00007fff2f372000 	/System/Library/Frameworks/CoreServices.framework/Versions/A/Frameworks/CarbonCore.framework/Versions/A/CarbonCore
0x00007fff2f8e6000 	/System/Library/Frameworks/CoreServices.framework/Versions/A/Frameworks/Metadata.framework/Versions/A/Metadata
0x00007fff2f97f000 	/System/Library/Frameworks/CoreServices.framework/Versions/A/Frameworks/OSServices.framework/Versions/A/OSServices
0x00007fff2f9ad000 	/System/Library/Frameworks/CoreServices.framework/Versions/A/Frameworks/SearchKit.framework/Versions/A/SearchKit
0x00007fff2f2ec000 	/System/Library/Frameworks/CoreServices.framework/Versions/A/Frameworks/AE.framework/Versions/A/AE
0x00007fff2f6ab000 	/System/Library/Frameworks/CoreServices.framework/Versions/A/Frameworks/LaunchServices.framework/Versions/A/LaunchServices
0x00007fff2f654000 	/System/Library/Frameworks/CoreServices.framework/Versions/A/Frameworks/DictionaryServices.framework/Versions/A/DictionaryServices
0x00007fff2fa15000 	/System/Library/Frameworks/CoreServices.framework/Versions/A/Frameworks/SharedFileList.framework/Versions/A/SharedFileList
0x00007fff348ba000 	/System/Library/Frameworks/NetFS.framework/Versions/A/NetFS
0x00007fff5540f000 	/System/Library/PrivateFrameworks/NetAuth.framework/Versions/A/NetAuth
0x00007fff61db3000 	/System/Library/PrivateFrameworks/login.framework/Versions/A/Frameworks/loginsupport.framework/Versions/A/loginsupport
0x00007fff5e6a6000 	/System/Library/PrivateFrameworks/TCC.framework/Versions/A/TCC
0x00007fff4630b000 	/System/Library/PrivateFrameworks/CoreNLP.framework/Versions/A/CoreNLP
0x00007fff5490c000 	/System/Library/PrivateFrameworks/MetadataUtilities.framework/Versions/A/MetadataUtilities
0x00007fff66122000 	/usr/lib/libmecabra.dylib
0x00007fff6607a000 	/usr/lib/libmecab.dylib
0x00007fff65cd6000 	/usr/lib/libgermantok.dylib
0x00007fff64f04000 	/usr/lib/libThaiTokenizer.dylib
0x00007fff6490a000 	/usr/lib/libChineseTokenizer.dylib
0x00007fff29b0a000 	/System/Library/Frameworks/Accelerate.framework/Versions/A/Frameworks/vImage.framework/Versions/A/vImage
0x00007fff2afd8000 	/System/Library/Frameworks/Accelerate.framework/Versions/A/Frameworks/vecLib.framework/Versions/A/vecLib
0x00007fff2ae59000 	/System/Library/Frameworks/Accelerate.framework/Versions/A/Frameworks/vecLib.framework/Versions/A/libvMisc.dylib
0x00007fff2acc6000 	/System/Library/Frameworks/Accelerate.framework/Versions/A/Frameworks/vecLib.framework/Versions/A/libvDSP.dylib
0x00007fff2a3a6000 	/System/Library/Frameworks/Accelerate.framework/Versions/A/Frameworks/vecLib.framework/Versions/A/libBLAS.dylib
0x00007fff2a87e000 	/System/Library/Frameworks/Accelerate.framework/Versions/A/Frameworks/vecLib.framework/Versions/A/libLAPACK.dylib
0x00007fff2ac26000 	/System/Library/Frameworks/Accelerate.framework/Versions/A/Frameworks/vecLib.framework/Versions/A/libLinearAlgebra.dylib
0x00007fff2acb3000 	/System/Library/Frameworks/Accelerate.framework/Versions/A/Frameworks/vecLib.framework/Versions/A/libSparseBLAS.dylib
0x00007fff2ac3c000 	/System/Library/Frameworks/Accelerate.framework/Versions/A/Frameworks/vecLib.framework/Versions/A/libQuadrature.dylib
0x00007fff2a53c000 	/System/Library/Frameworks/Accelerate.framework/Versions/A/Frameworks/vecLib.framework/Versions/A/libBNNS.dylib
0x00007fff2ac42000 	/System/Library/Frameworks/Accelerate.framework/Versions/A/Frameworks/vecLib.framework/Versions/A/libSparse.dylib
0x00007fff53480000 	/System/Library/PrivateFrameworks/LanguageModeling.framework/Versions/A/LanguageModeling
0x00007fff45cbb000 	/System/Library/PrivateFrameworks/CoreEmoji.framework/Versions/A/CoreEmoji
0x00007fff5359e000 	/System/Library/PrivateFrameworks/LinguisticData.framework/Versions/A/LinguisticData
0x00007fff5354f000 	/System/Library/PrivateFrameworks/Lexicon.framework/Versions/A/Lexicon
0x00007fff6525c000 	/usr/lib/libcmph.dylib
0x00007fff374a9000 	/System/Library/Frameworks/OpenDirectory.framework/Versions/A/Frameworks/CFOpenDirectory.framework/Versions/A/CFOpenDirectory
0x00007fff374c6000 	/System/Library/Frameworks/OpenDirectory.framework/Versions/A/OpenDirectory
0x00007fff3f909000 	/System/Library/PrivateFrameworks/APFS.framework/Versions/A/APFS
0x00007fff3abb8000 	/System/Library/Frameworks/SecurityFoundation.framework/Versions/A/SecurityFoundation
0x00007fff6731a000 	/usr/lib/libutil.dylib
0x00007fff471f0000 	/System/Library/PrivateFrameworks/CoreServicesStore.framework/Versions/A/CoreServicesStore
0x00007fff3ac6f000 	/System/Library/Frameworks/ServiceManagement.framework/Versions/A/ServiceManagement
0x00007fff42ea9000 	/System/Library/PrivateFrameworks/BackgroundTaskManagement.framework/Versions/A/BackgroundTaskManagement
0x00007fff67417000 	/usr/lib/libxslt.1.dylib
0x00007fff41d4c000 	/System/Library/PrivateFrameworks/AppleSystemInfo.framework/Versions/A/AppleSystemInfo
0x00007fff3104d000 	/System/Library/Frameworks/ImageIO.framework/Versions/A/Resources/libJPEG.dylib
0x00007fff3130c000 	/System/Library/Frameworks/ImageIO.framework/Versions/A/Resources/libTIFF.dylib
0x00007fff312ef000 	/System/Library/Frameworks/ImageIO.framework/Versions/A/Resources/libPng.dylib
0x00007fff30f8f000 	/System/Library/Frameworks/ImageIO.framework/Versions/A/Resources/libGIF.dylib
0x00007fff30f93000 	/System/Library/Frameworks/ImageIO.framework/Versions/A/Resources/libJP2.dylib
0x00007fff3130a000 	/System/Library/Frameworks/ImageIO.framework/Versions/A/Resources/libRadiance.dylib
0x00007fff65c9f000 	/usr/lib/libexpat.1.dylib
0x00007fff41834000 	/System/Library/PrivateFrameworks/AppleJPEG.framework/Versions/A/AppleJPEG
0x00007fff4a4f0000 	/System/Library/PrivateFrameworks/FontServices.framework/libFontParser.dylib
0x00007fff60db5000 	/System/Library/PrivateFrameworks/WatchdogClient.framework/Versions/A/WatchdogClient
0x00007fff52adb000 	/System/Library/PrivateFrameworks/IOAccelerator.framework/Versions/A/IOAccelerator
0x00007fff33819000 	/System/Library/Frameworks/MetalPerformanceShaders.framework/Versions/A/MetalPerformanceShaders
0x00007fff4f26b000 	/System/Library/PrivateFrameworks/GPUWrangler.framework/Versions/A/GPUWrangler
0x00007fff52af0000 	/System/Library/PrivateFrameworks/IOPresentment.framework/Versions/A/IOPresentment
0x00007fff47d70000 	/System/Library/PrivateFrameworks/DSExternalDisplay.framework/Versions/A/DSExternalDisplay
0x00007fff37e3a000 	/System/Library/Frameworks/OpenGL.framework/Versions/A/Libraries/libCoreFSCache.dylib
0x00007fff33565000 	/System/Library/Frameworks/MetalPerformanceShaders.framework/Frameworks/MPSCore.framework/Versions/A/MPSCore
0x00007fff335a3000 	/System/Library/Frameworks/MetalPerformanceShaders.framework/Frameworks/MPSImage.framework/Versions/A/MPSImage
0x00007fff3366a000 	/System/Library/Frameworks/MetalPerformanceShaders.framework/Frameworks/MPSNeuralNetwork.framework/Versions/A/MPSNeuralNetwork
0x00007fff3362e000 	/System/Library/Frameworks/MetalPerformanceShaders.framework/Frameworks/MPSMatrix.framework/Versions/A/MPSMatrix
0x00007fff337c9000 	/System/Library/Frameworks/MetalPerformanceShaders.framework/Frameworks/MPSRayIntersector.framework/Versions/A/MPSRayIntersector
0x00007fff33654000 	/System/Library/Frameworks/MetalPerformanceShaders.framework/Frameworks/MPSNDArray.framework/Versions/A/MPSNDArray
0x00007fff54959000 	/System/Library/PrivateFrameworks/MetalTools.framework/Versions/A/MetalTools
0x00007fff40ae3000 	/System/Library/PrivateFrameworks/AggregateDictionary.framework/Versions/A/AggregateDictionary
0x00007fff45703000 	/System/Library/PrivateFrameworks/CoreAnalytics.framework/Versions/A/CoreAnalytics
0x00007fff41c6b000 	/System/Library/PrivateFrameworks/AppleSauce.framework/Versions/A/AppleSauce
0x00007fff64bc6000 	/usr/lib/libIOReport.dylib
0x00007fff2ff16000 	/System/Library/Frameworks/CoreVideo.framework/Versions/A/CoreVideo
0x00007fff506e4000 	/System/Library/PrivateFrameworks/GraphVisualizer.framework/Versions/A/GraphVisualizer
0x00007fff49a36000 	/System/Library/PrivateFrameworks/FaceCore.framework/Versions/A/FaceCore
0x00007fff37450000 	/System/Library/Frameworks/OpenCL.framework/Versions/A/OpenCL
0x00007fff649e8000 	/usr/lib/libFosl_dynamic.dylib
0x00007fff55e30000 	/System/Library/PrivateFrameworks/OTSVG.framework/Versions/A/OTSVG
0x00007fff2c097000 	/System/Library/Frameworks/ApplicationServices.framework/Versions/A/Frameworks/ATS.framework/Versions/A/Resources/libFontRegistry.dylib
0x00007fff4a6bf000 	/System/Library/PrivateFrameworks/FontServices.framework/libhvf.dylib
0x00007fff37e45000 	/System/Library/Frameworks/OpenGL.framework/Versions/A/Libraries/libGFXShared.dylib
0x00007fff38023000 	/System/Library/Frameworks/OpenGL.framework/Versions/A/Libraries/libGLU.dylib
0x00007fff37e4e000 	/System/Library/Frameworks/OpenGL.framework/Versions/A/Libraries/libGL.dylib
0x00007fff37e59000 	/System/Library/Frameworks/OpenGL.framework/Versions/A/Libraries/libGLImage.dylib
0x00007fff37e37000 	/System/Library/Frameworks/OpenGL.framework/Versions/A/Libraries/libCVMSPluginSupport.dylib
0x00007fff37e40000 	/System/Library/Frameworks/OpenGL.framework/Versions/A/Libraries/libCoreVMClient.dylib
0x00007fff666f1000 	/usr/lib/libncurses.5.4.dylib
0x00007fff2bf93000 	/System/Library/Frameworks/ApplicationServices.framework/Versions/A/Frameworks/ATS.framework/Versions/A/ATS
0x00007fff2c160000 	/System/Library/Frameworks/ApplicationServices.framework/Versions/A/Frameworks/ColorSyncLegacy.framework/Versions/A/ColorSyncLegacy
0x00007fff2c1fe000 	/System/Library/Frameworks/ApplicationServices.framework/Versions/A/Frameworks/HIServices.framework/Versions/A/HIServices
0x00007fff2c256000 	/System/Library/Frameworks/ApplicationServices.framework/Versions/A/Frameworks/LangAnalysis.framework/Versions/A/LangAnalysis
0x00007fff2c265000 	/System/Library/Frameworks/ApplicationServices.framework/Versions/A/Frameworks/PrintCore.framework/Versions/A/PrintCore
0x00007fff2c2ab000 	/System/Library/Frameworks/ApplicationServices.framework/Versions/A/Frameworks/QD.framework/Versions/A/QD
0x00007fff2c2b6000 	/System/Library/Frameworks/ApplicationServices.framework/Versions/A/Frameworks/SpeechSynthesis.framework/Versions/A/SpeechSynthesis
0x00007fff2c130000 	/System/Library/Frameworks/ApplicationServices.framework/Versions/A/Frameworks/ATSUI.framework/Versions/A/ATSUI
0x00007fff65b35000 	/usr/lib/libcups.2.dylib
0x00007fff328b4000 	/System/Library/Frameworks/Kerberos.framework/Versions/A/Kerberos
0x00007fff309f2000 	/System/Library/Frameworks/GSS.framework/Versions/A/GSS
0x00007fff66e73000 	/usr/lib/libresolv.9.dylib
0x00007fff50891000 	/System/Library/PrivateFrameworks/Heimdal.framework/Versions/A/Heimdal
0x00007fff328c7000 	/System/Library/Frameworks/Kerberos.framework/Versions/A/Libraries/libHeimdalProxy.dylib
0x00007fff65cdc000 	/usr/lib/libheimdal-asn1.dylib
0x00007fff44b9b000 	/System/Library/PrivateFrameworks/CommonAuth.framework/Versions/A/CommonAuth
0x00007fff41de9000 	/System/Library/PrivateFrameworks/AssertionServices.framework/Versions/A/AssertionServices
0x00007fff4298c000 	/System/Library/PrivateFrameworks/AudioToolboxCore.framework/Versions/A/AudioToolboxCore
0x00007fff61a63000 	/System/Library/PrivateFrameworks/caulk.framework/Versions/A/caulk
0x00007fff42f55000 	/System/Library/PrivateFrameworks/BaseBoard.framework/Versions/A/BaseBoard
0x00007fff5a093000 	/System/Library/PrivateFrameworks/RunningBoardServices.framework/Versions/A/RunningBoardServices
0x00007fff570a4000 	/System/Library/PrivateFrameworks/PersistentConnection.framework/Versions/A/PersistentConnection
0x00007fff59a8c000 	/System/Library/PrivateFrameworks/ProtocolBuffer.framework/Versions/A/ProtocolBuffer
0x00007fff44bbf000 	/System/Library/PrivateFrameworks/CommonUtilities.framework/Versions/A/CommonUtilities
0x00007fff430e3000 	/System/Library/PrivateFrameworks/Bom.framework/Versions/A/Bom
0x00007fff64899000 	/usr/lib/libAudioToolboxUtility.dylib
0x00007fff42eb3000 	/System/Library/PrivateFrameworks/Backup.framework/Versions/A/Backup
0x00007fff47c91000 	/System/Library/PrivateFrameworks/CrashReporterSupport.framework/Versions/A/CrashReporterSupport
0x00007fff5bb25000 	/System/Library/PrivateFrameworks/Sharing.framework/Versions/A/Sharing
0x00007fff413f7000 	/System/Library/PrivateFrameworks/Apple80211.framework/Versions/A/Apple80211
0x00007fff42bd0000 	/System/Library/PrivateFrameworks/AuthKit.framework/Versions/A/AuthKit
0x00007fff4799e000 	/System/Library/PrivateFrameworks/CoreUtils.framework/Versions/A/CoreUtils
0x00007fff2ff5b000 	/System/Library/Frameworks/CoreWLAN.framework/Versions/A/CoreWLAN
0x00007fff30b7f000 	/System/Library/Frameworks/IOBluetooth.framework/Versions/A/IOBluetooth
0x00007fff54c5e000 	/System/Library/PrivateFrameworks/MobileKeyBag.framework/Versions/A/MobileKeyBag
0x00007fff467a3000 	/System/Library/PrivateFrameworks/CorePhoneNumbers.framework/Versions/A/CorePhoneNumbers
0x00007fff417e7000 	/System/Library/PrivateFrameworks/AppleIDAuthSupport.framework/Versions/A/AppleIDAuthSupport
0x00007fff348c7000 	/System/Library/Frameworks/Network.framework/Versions/A/Network
0x00007fff5332c000 	/System/Library/PrivateFrameworks/KeychainCircle.framework/Versions/A/KeychainCircle
0x00007fff2d978000 	/System/Library/Frameworks/CoreBluetooth.framework/Versions/A/CoreBluetooth
0x00007fff5dba4000 	/System/Library/PrivateFrameworks/SpeechRecognitionCore.framework/Versions/A/SpeechRecognitionCore
0x0000000101a00000 	/Applications/Android Studio.app/Contents/jre/jdk/Contents/Home/jre/lib/server/libjvm.dylib
0x00007fff671ed000 	/usr/lib/libstdc++.6.dylib
0x0000000100bc1000 	/Applications/Android Studio.app/Contents/jre/jdk/Contents/Home/jre/lib/libverify.dylib
0x0000000100bd3000 	/Applications/Android Studio.app/Contents/jre/jdk/Contents/Home/jre/lib/libjava.dylib
0x0000000100c67000 	/Applications/Android Studio.app/Contents/jre/jdk/Contents/Home/jre/lib/libzip.dylib
0x0000000101080000 	/Applications/Android Studio.app/Contents/jre/jdk/Contents/Home/jre/lib/libnio.dylib
0x000000010109b000 	/Applications/Android Studio.app/Contents/jre/jdk/Contents/Home/jre/lib/libnet.dylib
0x0000000118d92000 	/Users/fanny/.gradle/native/f6784746aeab05261644944871eae4fe03e0ef1612fff0a4a95f87b438bc6780/osx-amd64/libnative-platform.dylib
0x00000001190cf000 	/Applications/Android Studio.app/Contents/jre/jdk/Contents/Home/jre/lib/libmanagement.dylib
0x000000011e169000 	/Applications/Android Studio.app/Contents/jre/jdk/Contents/Home/jre/lib/libsunec.dylib
0x00007fff672bf000 	/usr/lib/libusrtcp.dylib
0x000000011efba000 	/Applications/Android Studio.app/Contents/jre/jdk/Contents/Home/jre/lib/libawt.dylib
0x00000001224c1000 	/Applications/Android Studio.app/Contents/jre/jdk/Contents/Home/jre/lib/libmlib_image.dylib
0x00007fff3289e000 	/System/Library/Frameworks/JavaVM.framework/Versions/A/Frameworks/JavaNativeFoundation.framework/Versions/A/JavaNativeFoundation
0x00007fff328a7000 	/System/Library/Frameworks/JavaVM.framework/Versions/A/Frameworks/JavaRuntimeSupport.framework/Versions/A/JavaRuntimeSupport
0x00007fff328af000 	/System/Library/Frameworks/JavaVM.framework/Versions/A/JavaVM
0x00007fff53143000 	/System/Library/PrivateFrameworks/JavaLaunching.framework/Versions/A/JavaLaunching
0x00007fff2cb49000 	/System/Library/Frameworks/Carbon.framework/Versions/A/Carbon
0x00007fff47743000 	/System/Library/PrivateFrameworks/CoreSymbolication.framework/Versions/A/CoreSymbolication
0x00007fff2cb4a000 	/System/Library/Frameworks/Carbon.framework/Versions/A/Frameworks/CommonPanels.framework/Versions/A/CommonPanels
0x00007fff2ce43000 	/System/Library/Frameworks/Carbon.framework/Versions/A/Frameworks/Help.framework/Versions/A/Help
0x00007fff2ce47000 	/System/Library/Frameworks/Carbon.framework/Versions/A/Frameworks/ImageCapture.framework/Versions/A/ImageCapture
0x00007fff2ce4e000 	/System/Library/Frameworks/Carbon.framework/Versions/A/Frameworks/OpenScripting.framework/Versions/A/OpenScripting
0x00007fff2ce4d000 	/System/Library/Frameworks/Carbon.framework/Versions/A/Frameworks/Ink.framework/Versions/A/Ink
0x00007fff2ce89000 	/System/Library/Frameworks/Carbon.framework/Versions/A/Frameworks/Print.framework/Versions/A/Print
0x00007fff2ce8a000 	/System/Library/Frameworks/Carbon.framework/Versions/A/Frameworks/SecurityHI.framework/Versions/A/SecurityHI
0x00007fff47ec5000 	/System/Library/PrivateFrameworks/DebugSymbols.framework/Versions/A/DebugSymbols
0x0000000122587000 	/Applications/Android Studio.app/Contents/jre/jdk/Contents/Home/jre/lib/libawt_lwawt.dylib
0x000000011f07b000 	/Applications/Android Studio.app/Contents/jre/jdk/Contents/Home/jre/lib/libosxapp.dylib
0x00007fff3045b000 	/System/Library/Frameworks/ExceptionHandling.framework/Versions/A/ExceptionHandling
0x000000011f0a3000 	/private/var/folders/qr/s3chp36n7fvg9r20jy0xn1vh0000gn/T/native-platform3290690307860606580dir/libnative-platform.dylib

VM Arguments:
jvm_args: -Xmx2048m -Dfile.encoding=UTF-8 -Duser.country=SE -Duser.language=sv -Duser.variant 
java_command: org.gradle.launcher.daemon.bootstrap.GradleDaemon 6.5
java_class_path (initial): /Users/fanny/.gradle/wrapper/dists/gradle-6.5-bin/6nifqtx7604sqp1q6g8wikw7p/gradle-6.5/lib/gradle-launcher-6.5.jar
Launcher Type: SUN_STANDARD

Environment Variables:
PATH=/usr/local/bin:/usr/bin:/bin:/usr/sbin:/sbin
SHELL=/bin/zsh

Signal Handlers:
SIGSEGV: [libjvm.dylib+0x565c43], sa_mask[0]=11111111011111110111111111111111, sa_flags=SA_ONSTACK|SA_RESTART|SA_SIGINFO
SIGBUS: [libjvm.dylib+0x565c43], sa_mask[0]=11111111011111110111111111111111, sa_flags=SA_RESTART|SA_SIGINFO
SIGFPE: [libjvm.dylib+0x45dd9d], sa_mask[0]=11111111011111110111111111111111, sa_flags=SA_RESTART|SA_SIGINFO
SIGPIPE: [libjvm.dylib+0x45dd9d], sa_mask[0]=11111111011111110111111111111111, sa_flags=SA_RESTART|SA_SIGINFO
SIGXFSZ: [libjvm.dylib+0x45dd9d], sa_mask[0]=11111111011111110111111111111111, sa_flags=SA_RESTART|SA_SIGINFO
SIGILL: [libjvm.dylib+0x45dd9d], sa_mask[0]=11111111011111110111111111111111, sa_flags=SA_RESTART|SA_SIGINFO
SIGUSR1: SIG_DFL, sa_mask[0]=00000000000000000000000000000000, sa_flags=none
SIGUSR2: [libjvm.dylib+0x45e69c], sa_mask[0]=00100000000000000000000000000000, sa_flags=SA_RESTART|SA_SIGINFO
SIGHUP: [libjvm.dylib+0x45c8c1], sa_mask[0]=11111111011111110111111111111111, sa_flags=SA_RESTART|SA_SIGINFO
SIGINT: [libjvm.dylib+0x45c8c1], sa_mask[0]=11111111011111110111111111111111, sa_flags=SA_RESTART|SA_SIGINFO
SIGTERM: [libjvm.dylib+0x45c8c1], sa_mask[0]=11111111011111110111111111111111, sa_flags=SA_RESTART|SA_SIGINFO
SIGQUIT: [libjvm.dylib+0x45c8c1], sa_mask[0]=11111111011111110111111111111111, sa_flags=SA_RESTART|SA_SIGINFO


---------------  S Y S T E M  ---------------

OS:Bsduname:Darwin 19.6.0 Darwin Kernel Version 19.6.0: Tue Jan 12 22:13:05 PST 2021; root:xnu-6153.141.16~1/RELEASE_X86_64 x86_64
rlimit: STACK 8192k, CORE 0k, NPROC 1392, NOFILE 10240, AS infinity
load average:8.56 7.56 5.67

CPU:total 4 (initial active 4) (2 cores per cpu, 2 threads per core) family 6 model 58 stepping 9, cmov, cx8, fxsr, mmx, sse, sse2, sse3, ssse3, sse4.1, sse4.2, popcnt, avx, aes, clmul, erms, ht, tsc, tscinvbit, tscinv

Memory: 4k page, physical 8388608k(16832k free)

/proc/meminfo:


vm_info: OpenJDK 64-Bit Server VM (25.242-b3-6915495) for bsd-amd64 JRE (1.8.0_242-release-1644-b3-6915495), built by "android-build" with gcc 4.2.1 Compatible Android (5484270 based on r353983c) Clang 9.0.3 (https://android.googlesource.com/toolchain/clang 745b335211bb9eadfa6aa6301f84715cee4b37c5) (https://android.googlesource.com/toolchain/llvm 60cf23e54e46c807513f7a36d0a7b777920b5881)

time: Sun Apr 25 13:38:04 2021
timezone: CEST
elapsed time: 1055 seconds (0d 0h 17m 35s)

